<?xml version="1.0" encoding="UTF-8" ?>
<testsuite failures="0" time="0.11" errors="0" skipped="0" tests="1" name="cn.itcast.maven.MakeFriendsTest">
  <properties>
    <property name="java.runtime.name" value="Java(TM) SE Runtime Environment"/>
    <property name="sun.boot.library.path" value="C:\Program Files\MyEclipse Professional\binary\com.sun.java.jdk.win32.x86_1.6.0.u43\jre\bin"/>
    <property name="java.vm.version" value="20.14-b01"/>
    <property name="java.vm.vendor" value="Sun Microsystems Inc."/>
    <property name="java.vendor.url" value="http://java.sun.com/"/>
    <property name="path.separator" value=";"/>
    <property name="guice.disable.misplaced.annotation.check" value="true"/>
    <property name="java.vm.name" value="Java HotSpot(TM) Client VM"/>
    <property name="file.encoding.pkg" value="sun.io"/>
    <property name="user.country" value="CN"/>
    <property name="sun.java.launcher" value="SUN_STANDARD"/>
    <property name="sun.os.patch.level" value="Service Pack 3"/>
    <property name="java.vm.specification.name" value="Java Virtual Machine Specification"/>
    <property name="user.dir" value="C:\WorkspaceMyEclipse\MakeFriends"/>
    <property name="java.runtime.version" value="1.6.0_43-b01"/>
    <property name="java.awt.graphicsenv" value="sun.awt.Win32GraphicsEnvironment"/>
    <property name="java.endorsed.dirs" value="C:\Program Files\MyEclipse Professional\binary\com.sun.java.jdk.win32.x86_1.6.0.u43\jre\lib\endorsed"/>
    <property name="os.arch" value="x86"/>
    <property name="java.io.tmpdir" value="C:\DOCUME~1\ADMINI~1\LOCALS~1\Temp\"/>
    <property name="line.separator" value="
"/>
    <property name="java.vm.specification.vendor" value="Sun Microsystems Inc."/>
    <property name="user.variant" value=""/>
    <property name="os.name" value="Windows XP"/>
    <property name="classworlds.conf" value="C:\WorkspaceMyEclipse\.metadata\.plugins\org.maven.ide.eclipse\launches\m2conf4706559143710956314.tmp"/>
    <property name="sun.jnu.encoding" value="GBK"/>
    <property name="java.library.path" value="C:\Program Files\MyEclipse Professional\binary\com.sun.java.jdk.win32.x86_1.6.0.u43\bin;C:\WINDOWS\Sun\Java\bin;C:\WINDOWS\system32;C:\WINDOWS;C:/Program Files/MyEclipse Professional/binary/com.sun.java.jdk.win32.x86_1.6.0.u43/jre/bin/client;C:/Program Files/MyEclipse Professional/binary/com.sun.java.jdk.win32.x86_1.6.0.u43/jre/bin;C:/Program Files/MyEclipse Professional/binary/com.sun.java.jdk.win32.x86_1.6.0.u43/jre/lib/i386;D:\oracle\product\10.2.0\db_1\bin;C:\WINDOWS\system32;C:\WINDOWS;C:\WINDOWS\System32\Wbem;C:\Program Files\Common Files\Thunder Network\KanKan\Codecs;C:\CTEX\UserData\miktex\bin;C:\CTEX\MiKTeX\miktex\bin;C:\CTEX\CTeX\ctex\bin;C:\CTEX\CTeX\cct\bin;C:\CTEX\CTeX\ty\bin;C:\CTEX\Ghostscript\gs9.05\bin;C:\CTEX\GSview\gsview;C:\CTEX\WinEdt;C:\xampp\mysql\bin;C:\Program Files\Java\jdk1.7.0_13\bin;C:\Program Files\Apache Software Foundation\Tomcat 6.0\lib;E:\apache-ant-1.9.2\bin;C:\Program Files\Java\jdk1.7.0_13\jre\lib\rt.jar;C:\Program Files\Subversion\bin;C:\Program Files\TortoiseSVN\bin;C:\Program Files\apache-maven-3.0.4\bin;C:\Program Files\SSH Communications Security\SSH Secure Shell;."/>
    <property name="java.specification.name" value="Java Platform API Specification"/>
    <property name="java.class.version" value="50.0"/>
    <property name="sun.management.compiler" value="HotSpot Client Compiler"/>
    <property name="os.version" value="5.1"/>
    <property name="user.home" value="C:\Documents and Settings\Administrator"/>
    <property name="user.timezone" value="America/New_York"/>
    <property name="java.awt.printerjob" value="sun.awt.windows.WPrinterJob"/>
    <property name="file.encoding" value="GBK"/>
    <property name="java.specification.version" value="1.6"/>
    <property name="user.name" value="Administrator"/>
    <property name="java.class.path" value="C:\Program Files\apache-maven-3.0.4\boot\plexus-classworlds-2.4.jar"/>
    <property name="java.vm.specification.version" value="1.0"/>
    <property name="sun.arch.data.model" value="32"/>
    <property name="java.home" value="C:\Program Files\MyEclipse Professional\binary\com.sun.java.jdk.win32.x86_1.6.0.u43\jre"/>
    <property name="sun.java.command" value="org.codehaus.plexus.classworlds.launcher.Launcher -B -s C:\Documents and Settings\Administrator\.m2\settings.xml package"/>
    <property name="java.specification.vendor" value="Sun Microsystems Inc."/>
    <property name="user.language" value="zh"/>
    <property name="awt.toolkit" value="sun.awt.windows.WToolkit"/>
    <property name="java.vm.info" value="mixed mode"/>
    <property name="java.version" value="1.6.0_43"/>
    <property name="java.ext.dirs" value="C:\Program Files\MyEclipse Professional\binary\com.sun.java.jdk.win32.x86_1.6.0.u43\jre\lib\ext;C:\WINDOWS\Sun\Java\lib\ext"/>
    <property name="sun.boot.class.path" value="C:\Program Files\MyEclipse Professional\binary\com.sun.java.jdk.win32.x86_1.6.0.u43\jre\lib\resources.jar;C:\Program Files\MyEclipse Professional\binary\com.sun.java.jdk.win32.x86_1.6.0.u43\jre\lib\rt.jar;C:\Program Files\MyEclipse Professional\binary\com.sun.java.jdk.win32.x86_1.6.0.u43\jre\lib\sunrsasign.jar;C:\Program Files\MyEclipse Professional\binary\com.sun.java.jdk.win32.x86_1.6.0.u43\jre\lib\jsse.jar;C:\Program Files\MyEclipse Professional\binary\com.sun.java.jdk.win32.x86_1.6.0.u43\jre\lib\jce.jar;C:\Program Files\MyEclipse Professional\binary\com.sun.java.jdk.win32.x86_1.6.0.u43\jre\lib\charsets.jar;C:\Program Files\MyEclipse Professional\binary\com.sun.java.jdk.win32.x86_1.6.0.u43\jre\lib\modules\jdk.boot.jar;C:\Program Files\MyEclipse Professional\binary\com.sun.java.jdk.win32.x86_1.6.0.u43\jre\classes"/>
    <property name="java.vendor" value="Sun Microsystems Inc."/>
    <property name="maven.home" value="C:\Program Files\apache-maven-3.0.4"/>
    <property name="file.separator" value="\"/>
    <property name="java.vendor.url.bug" value="http://java.sun.com/cgi-bin/bugreport.cgi"/>
    <property name="sun.cpu.endian" value="little"/>
    <property name="sun.io.unicode.encoding" value="UnicodeLittle"/>
    <property name="sun.desktop" value="windows"/>
    <property name="sun.cpu.isalist" value="pentium_pro+mmx pentium_pro pentium+mmx pentium i486 i386 i86"/>
  </properties>
  <testcase time="0" classname="cn.itcast.maven.MakeFriendsTest" name="testMakeFriends"/>
</testsuite>